
SQL*Loader: Release 12.2.0.1.0 - Production on Fri Feb 18 15:42:57 2022

Copyright (c) 1982, 2017, Oracle and/or its affiliates.  All rights reserved.

Control File:   ./data.ctl
Data File:      ./data.dat
  Bad File:     ./data.bad
  Discard File:  none specified
 
 (Allow all discards)

Number to load: ALL
Number to skip: 0
Errors allowed: 50
Bind array:     64 rows, maximum of 256000 bytes
Continuation:    none specified
Path used:      Conventional

Table GEOGRAFIA_D, loaded from every logical record.
Insert option in effect for this table: TRUNCATE

   Column Name                  Position   Len  Term Encl Datatype
------------------------------ ---------- ----- ---- ---- ---------------------
TIENDA                              FIRST     *   ,       CHARACTER            
REGION                               NEXT     *   ,       CHARACTER            
PAIS                                 NEXT     *   ,       CHARACTER            


Table GEOGRAFIA_D:
  4 Rows successfully loaded.
  0 Rows not loaded due to data errors.
  0 Rows not loaded because all WHEN clauses were failed.
  0 Rows not loaded because all fields were null.


Space allocated for bind array:                  49536 bytes(64 rows)
Read   buffer bytes: 1048576

Total logical records skipped:          0
Total logical records read:             4
Total logical records rejected:         0
Total logical records discarded:        0

Run began on Fri Feb 18 15:42:57 2022
Run ended on Fri Feb 18 15:42:57 2022

Elapsed time was:     00:00:00.08
CPU time was:         00:00:00.02
